Base path: C:/Program Files (x86)/Unity/Editor/Data
Pipe name: \\.\pipe\UnityShaderCompiler-1-1496
Cmd: getPlatforms
Cmd: preprocess
  insize=204 outsize=204 ok=1
Cmd: preprocess
  insize=1124 outsize=1479 ok=1
Cmd: preprocess
  insize=1130 outsize=1485 ok=1
Cmd: preprocess
  insize=1513 outsize=804 ok=1
Cmd: preprocess
  insize=1551 outsize=845 ok=1
Cmd: preprocess
  insize=196 outsize=196 ok=1
Cmd: preprocess
  insize=1574 outsize=868 ok=1
Cmd: preprocess
  insize=1456 outsize=750 ok=1
Cmd: preprocess
  insize=1092 outsize=1784 ok=1
Cmd: preprocess
  insize=1328 outsize=540 ok=1
Cmd: preprocess
  insize=1145 outsize=377 ok=1
Cmd: preprocess
  insize=950 outsize=1656 ok=1
Cmd: preprocess
  insize=1862 outsize=1031 ok=1
Cmd: preprocess
  insize=1565 outsize=860 ok=1
Cmd: preprocess
  insize=204 outsize=204 ok=1
Cmd: preprocess
  insize=1124 outsize=1479 ok=1
Cmd: preprocess
  insize=1130 outsize=1485 ok=1
Cmd: preprocess
  insize=1513 outsize=804 ok=1
Cmd: preprocess
  insize=1551 outsize=845 ok=1
Cmd: preprocess
  insize=196 outsize=196 ok=1
Cmd: preprocess
  insize=1574 outsize=868 ok=1
Cmd: preprocess
  insize=1456 outsize=750 ok=1
Cmd: preprocess
  insize=1092 outsize=1784 ok=1
Cmd: preprocess
  insize=1328 outsize=540 ok=1
Cmd: preprocess
  insize=1093 outsize=363 ok=1
Cmd: preprocess
  insize=950 outsize=1656 ok=1
Cmd: preprocess
  insize=1862 outsize=1031 ok=1
Cmd: preprocess
  insize=1565 outsize=860 ok=1
